{"timestamp": "2025-10-23T13:48:57.376366+00:00", "level": "INFO", "component": "binance_client", "event": "client_initialized", "testnet": true, "base_url": "https://testnet.binancefuture.com"}
{"timestamp": "2025-10-23T13:48:57.376777+00:00", "level": "INFO", "component": "binance_client", "event": "testing_connection"}
{"timestamp": "2025-10-23T13:48:57.867219+00:00", "level": "INFO", "component": "binance_client", "event": "connection_test_successful"}
{"timestamp": "2025-10-23T13:48:57.867493+00:00", "level": "INFO", "component": "cli", "event": "cli_initialized", "dry_run": false, "verbose": false}
{"timestamp": "2025-10-23T13:48:57.868648+00:00", "level": "INFO", "component": "binance_client", "event": "fetching_exchange_info"}
{"timestamp": "2025-10-23T13:48:58.528424+00:00", "level": "INFO", "component": "binance_client", "event": "exchange_info_fetched", "symbol_count": 627}
{"timestamp": "2025-10-23T13:48:58.531842+00:00", "level": "INFO", "component": "market_order", "event": "placing_buy_order", "symbol": "BTCUSDT", "quantity": 0.001}
{"timestamp": "2025-10-23T13:48:58.532191+00:00", "level": "INFO", "component": "validator", "event": "order_request_validated", "symbol": "BTCUSDT", "side": "BUY", "order_type": "MARKET", "binance_order_type": "MARKET", "quantity": 0.001}
{"timestamp": "2025-10-23T13:48:58.532287+00:00", "level": "INFO", "component": "binance_client", "event": "placing_order", "request": {"symbol": "BTCUSDT", "side": "BUY", "type": "MARKET", "quantity": 0.001}}
{"timestamp": "2025-10-23T13:48:58.704637+00:00", "level": "INFO", "component": "binance_client", "event": "order_placed", "response": {"orderId": 6752132910, "symbol": "BTCUSDT", "status": "NEW", "clientOrderId": "9fAMiAXy6XaxXkfdn9wqbg", "price": "0.00", "avgPrice": "0.00", "origQty": "0.001", "executedQty": "0.000", "cumQty": "0.000", "cumQuote": "0.00000", "timeInForce": "GTC", "type": "MARKET", "reduceOnly": false, "closePosition": false, "side": "BUY", "positionSide": "BOTH", "stopPrice": "0.00", "workingType": "CONTRACT_PRICE", "priceProtect": false, "origType": "MARKET", "priceMatch": "NONE", "selfTradePreventionMode": "EXPIRE_MAKER", "goodTillDate": 0, "updateTime": 1761227338725}}
{"timestamp": "2025-10-23T13:48:58.705298+00:00", "level": "INFO", "component": "market_order", "event": "buy_order_placed", "order_id": 6752132910, "symbol": "BTCUSDT", "quantity": 0.001, "executed_qty": "0.000", "avg_price": "0.00"}
{"timestamp": "2025-10-23T13:48:59.281738+00:00", "level": "INFO", "component": "binance_client", "event": "client_initialized", "testnet": true, "base_url": "https://testnet.binancefuture.com"}
{"timestamp": "2025-10-23T13:48:59.282009+00:00", "level": "INFO", "component": "binance_client", "event": "testing_connection"}
{"timestamp": "2025-10-23T13:48:59.480862+00:00", "level": "INFO", "component": "binance_client", "event": "connection_test_successful"}
{"timestamp": "2025-10-23T13:48:59.481267+00:00", "level": "INFO", "component": "cli", "event": "cli_initialized", "dry_run": false, "verbose": false}
{"timestamp": "2025-10-23T13:48:59.482545+00:00", "level": "INFO", "component": "binance_client", "event": "fetching_exchange_info"}
{"timestamp": "2025-10-23T13:48:59.679209+00:00", "level": "INFO", "component": "binance_client", "event": "exchange_info_fetched", "symbol_count": 627}
{"timestamp": "2025-10-23T13:48:59.681114+00:00", "level": "INFO", "component": "limit_order", "event": "placing_sell_order", "symbol": "ETHUSDT", "quantity": 0.01, "price": 3700.0, "time_in_force": "IOC"}
{"timestamp": "2025-10-23T13:48:59.681293+00:00", "level": "INFO", "component": "validator", "event": "order_request_validated", "symbol": "ETHUSDT", "side": "SELL", "order_type": "LIMIT", "binance_order_type": "LIMIT", "quantity": 0.01}
{"timestamp": "2025-10-23T13:48:59.681338+00:00", "level": "INFO", "component": "binance_client", "event": "placing_order", "request": {"symbol": "ETHUSDT", "side": "SELL", "type": "LIMIT", "quantity": 0.01, "timeInForce": "IOC", "price": 3700.0}}
{"timestamp": "2025-10-23T13:49:00.147335+00:00", "level": "INFO", "component": "binance_client", "event": "order_placed", "response": {"orderId": 5717128843, "symbol": "ETHUSDT", "status": "NEW", "clientOrderId": "kGXxK059oy3ncKNdfG1OVt", "price": "3700.00", "avgPrice": "0.00", "origQty": "0.010", "executedQty": "0.000", "cumQty": "0.000", "cumQuote": "0.00000", "timeInForce": "IOC", "type": "LIMIT", "reduceOnly": false, "closePosition": false, "side": "SELL", "positionSide": "BOTH", "stopPrice": "0.00", "workingType": "CONTRACT_PRICE", "priceProtect": false, "origType": "LIMIT", "priceMatch": "NONE", "selfTradePreventionMode": "EXPIRE_MAKER", "goodTillDate": 0, "updateTime": 1761227340179}}
{"timestamp": "2025-10-23T13:49:00.147653+00:00", "level": "INFO", "component": "limit_order", "event": "sell_order_placed", "order_id": 5717128843, "symbol": "ETHUSDT", "quantity": 0.01, "price": 3700.0, "time_in_force": "IOC", "status": "NEW"}
{"timestamp": "2025-10-23T13:49:00.771373+00:00", "level": "INFO", "component": "binance_client", "event": "client_initialized", "testnet": true, "base_url": "https://testnet.binancefuture.com"}
{"timestamp": "2025-10-23T13:49:00.771676+00:00", "level": "INFO", "component": "binance_client", "event": "testing_connection"}
{"timestamp": "2025-10-23T13:49:00.975142+00:00", "level": "INFO", "component": "binance_client", "event": "connection_test_successful"}
{"timestamp": "2025-10-23T13:49:00.975700+00:00", "level": "INFO", "component": "cli", "event": "cli_initialized", "dry_run": false, "verbose": false}
{"timestamp": "2025-10-23T13:49:00.976785+00:00", "level": "INFO", "component": "binance_client", "event": "fetching_exchange_info"}
{"timestamp": "2025-10-23T13:49:01.336284+00:00", "level": "INFO", "component": "binance_client", "event": "exchange_info_fetched", "symbol_count": 627}
{"timestamp": "2025-10-23T13:49:01.340041+00:00", "level": "INFO", "component": "stop_limit_order", "event": "placing_sell_order", "symbol": "BTCUSDT", "quantity": 0.003, "price": 45000.0, "stop_price": 46000.0, "time_in_force": "GTC"}
{"timestamp": "2025-10-23T13:49:01.340394+00:00", "level": "INFO", "component": "validator", "event": "order_request_validated", "symbol": "BTCUSDT", "side": "SELL", "order_type": "STOP_LIMIT", "binance_order_type": "STOP", "quantity": 0.003}
{"timestamp": "2025-10-23T13:49:01.340488+00:00", "level": "INFO", "component": "binance_client", "event": "placing_order", "request": {"symbol": "BTCUSDT", "side": "SELL", "type": "STOP", "quantity": 0.003, "timeInForce": "GTC", "price": 45000.0, "stopPrice": 46000.0}}
{"timestamp": "2025-10-23T13:49:01.798157+00:00", "level": "INFO", "component": "binance_client", "event": "order_placed", "response": {"orderId": 6752138090, "symbol": "BTCUSDT", "status": "NEW", "clientOrderId": "pkcScjcXQbXSv4fZnKywUv", "price": "45000.00", "avgPrice": "0.00", "origQty": "0.003", "executedQty": "0.000", "cumQty": "0.000", "cumQuote": "0.00000", "timeInForce": "GTC", "type": "STOP", "reduceOnly": false, "closePosition": false, "side": "SELL", "positionSide": "BOTH", "stopPrice": "46000.00", "workingType": "CONTRACT_PRICE", "priceProtect": false, "origType": "STOP", "priceMatch": "NONE", "selfTradePreventionMode": "EXPIRE_MAKER", "goodTillDate": 0, "updateTime": 1761227341830}}
{"timestamp": "2025-10-23T13:49:01.798447+00:00", "level": "INFO", "component": "stop_limit_order", "event": "sell_order_placed", "order_id": 6752138090, "symbol": "BTCUSDT", "quantity": 0.003, "price": 45000.0, "stop_price": 46000.0, "time_in_force": "GTC", "status": "NEW"}
{"timestamp": "2025-10-23T13:49:02.374739+00:00", "level": "INFO", "component": "binance_client", "event": "client_initialized", "testnet": true, "base_url": "https://testnet.binancefuture.com"}
{"timestamp": "2025-10-23T13:49:02.375059+00:00", "level": "INFO", "component": "binance_client", "event": "testing_connection"}
{"timestamp": "2025-10-23T13:49:02.578962+00:00", "level": "INFO", "component": "binance_client", "event": "connection_test_successful"}
{"timestamp": "2025-10-23T13:49:02.579481+00:00", "level": "INFO", "component": "cli", "event": "cli_initialized", "dry_run": false, "verbose": false}
{"timestamp": "2025-10-23T13:49:02.580990+00:00", "level": "INFO", "component": "twap_order", "event": "simulating_twap", "symbol": "BTCUSDT", "side": "BUY", "total_quantity": 1.0, "duration_minutes": 30, "order_type": "MARKET"}
{"timestamp": "2025-10-23T13:49:02.581408+00:00", "level": "INFO", "component": "twap_order", "event": "twap_simulation_completed", "num_orders": 15, "total_quantity": 1.0}
{"timestamp": "2025-10-23T13:49:03.138969+00:00", "level": "INFO", "component": "binance_client", "event": "client_initialized", "testnet": true, "base_url": "https://testnet.binancefuture.com"}
{"timestamp": "2025-10-23T13:49:03.139519+00:00", "level": "INFO", "component": "binance_client", "event": "testing_connection"}
{"timestamp": "2025-10-23T13:49:03.336524+00:00", "level": "INFO", "component": "binance_client", "event": "connection_test_successful"}
{"timestamp": "2025-10-23T13:49:03.336800+00:00", "level": "INFO", "component": "cli", "event": "cli_initialized", "dry_run": false, "verbose": false}
{"timestamp": "2025-10-23T13:49:03.337648+00:00", "level": "INFO", "component": "grid_order", "event": "simulating_grid", "symbol": "BTCUSDT", "side": "BUY", "total_quantity": 1.0, "price_range": [40000.0, 50000.0], "num_levels": 20}
{"timestamp": "2025-10-23T13:49:03.337949+00:00", "level": "INFO", "component": "grid_order", "event": "grid_simulation_completed", "num_levels": 20, "total_quantity": 1.0}
{"timestamp": "2025-10-23T13:49:12.566125+00:00", "level": "INFO", "component": "binance_client", "event": "client_initialized", "testnet": true, "base_url": "https://testnet.binancefuture.com"}
{"timestamp": "2025-10-23T13:49:12.566267+00:00", "level": "INFO", "component": "binance_client", "event": "testing_connection"}
{"timestamp": "2025-10-23T13:49:13.054091+00:00", "level": "INFO", "component": "binance_client", "event": "connection_test_successful"}
{"timestamp": "2025-10-23T13:49:13.054768+00:00", "level": "INFO", "component": "cli", "event": "cli_initialized", "dry_run": false, "verbose": false}
{"timestamp": "2025-10-23T13:49:13.056031+00:00", "level": "INFO", "component": "binance_client", "event": "fetching_exchange_info"}
{"timestamp": "2025-10-23T13:49:13.395376+00:00", "level": "INFO", "component": "binance_client", "event": "exchange_info_fetched", "symbol_count": 627}
{"timestamp": "2025-10-23T13:49:13.397744+00:00", "level": "INFO", "component": "market_order", "event": "placing_buy_order", "symbol": "BTCUSDT", "quantity": 0.001}
{"timestamp": "2025-10-23T13:49:13.398107+00:00", "level": "INFO", "component": "validator", "event": "order_request_validated", "symbol": "BTCUSDT", "side": "BUY", "order_type": "MARKET", "binance_order_type": "MARKET", "quantity": 0.001}
{"timestamp": "2025-10-23T13:49:13.398219+00:00", "level": "INFO", "component": "binance_client", "event": "placing_order", "request": {"symbol": "BTCUSDT", "side": "BUY", "type": "MARKET", "quantity": 0.001}}
{"timestamp": "2025-10-23T13:49:13.563253+00:00", "level": "INFO", "component": "binance_client", "event": "order_placed", "response": {"orderId": 6752159874, "symbol": "BTCUSDT", "status": "NEW", "clientOrderId": "YiU4ccTgAsvnGPqk2sAQeZ", "price": "0.00", "avgPrice": "0.00", "origQty": "0.001", "executedQty": "0.000", "cumQty": "0.000", "cumQuote": "0.00000", "timeInForce": "GTC", "type": "MARKET", "reduceOnly": false, "closePosition": false, "side": "BUY", "positionSide": "BOTH", "stopPrice": "0.00", "workingType": "CONTRACT_PRICE", "priceProtect": false, "origType": "MARKET", "priceMatch": "NONE", "selfTradePreventionMode": "EXPIRE_MAKER", "goodTillDate": 0, "updateTime": 1761227353576}}
{"timestamp": "2025-10-23T13:49:13.563529+00:00", "level": "INFO", "component": "market_order", "event": "buy_order_placed", "order_id": 6752159874, "symbol": "BTCUSDT", "quantity": 0.001, "executed_qty": "0.000", "avg_price": "0.00"}
{"timestamp": "2025-10-23T13:49:14.464902+00:00", "level": "INFO", "component": "binance_client", "event": "client_initialized", "testnet": true, "base_url": "https://testnet.binancefuture.com"}
{"timestamp": "2025-10-23T13:49:14.465220+00:00", "level": "INFO", "component": "binance_client", "event": "testing_connection"}
{"timestamp": "2025-10-23T13:49:14.651364+00:00", "level": "INFO", "component": "binance_client", "event": "connection_test_successful"}
{"timestamp": "2025-10-23T13:49:14.651706+00:00", "level": "INFO", "component": "cli", "event": "cli_initialized", "dry_run": false, "verbose": false}
{"timestamp": "2025-10-23T13:49:14.652549+00:00", "level": "INFO", "component": "binance_client", "event": "fetching_exchange_info"}
{"timestamp": "2025-10-23T13:49:15.009287+00:00", "level": "INFO", "component": "binance_client", "event": "exchange_info_fetched", "symbol_count": 627}
{"timestamp": "2025-10-23T13:49:15.015073+00:00", "level": "INFO", "component": "limit_order", "event": "placing_sell_order", "symbol": "ETHUSDT", "quantity": 0.01, "price": 3700.0, "time_in_force": "IOC"}
{"timestamp": "2025-10-23T13:49:15.015550+00:00", "level": "INFO", "component": "validator", "event": "order_request_validated", "symbol": "ETHUSDT", "side": "SELL", "order_type": "LIMIT", "binance_order_type": "LIMIT", "quantity": 0.01}
{"timestamp": "2025-10-23T13:49:15.015684+00:00", "level": "INFO", "component": "binance_client", "event": "placing_order", "request": {"symbol": "ETHUSDT", "side": "SELL", "type": "LIMIT", "quantity": 0.01, "timeInForce": "IOC", "price": 3700.0}}
{"timestamp": "2025-10-23T13:49:15.187493+00:00", "level": "INFO", "component": "binance_client", "event": "order_placed", "response": {"orderId": 5717143323, "symbol": "ETHUSDT", "status": "NEW", "clientOrderId": "1Bf1JhvlPfBSIfwRXETBQD", "price": "3700.00", "avgPrice": "0.00", "origQty": "0.010", "executedQty": "0.000", "cumQty": "0.000", "cumQuote": "0.00000", "timeInForce": "IOC", "type": "LIMIT", "reduceOnly": false, "closePosition": false, "side": "SELL", "positionSide": "BOTH", "stopPrice": "0.00", "workingType": "CONTRACT_PRICE", "priceProtect": false, "origType": "LIMIT", "priceMatch": "NONE", "selfTradePreventionMode": "EXPIRE_MAKER", "goodTillDate": 0, "updateTime": 1761227355195}}
{"timestamp": "2025-10-23T13:49:15.187909+00:00", "level": "INFO", "component": "limit_order", "event": "sell_order_placed", "order_id": 5717143323, "symbol": "ETHUSDT", "quantity": 0.01, "price": 3700.0, "time_in_force": "IOC", "status": "NEW"}
{"timestamp": "2025-10-23T13:49:15.848729+00:00", "level": "INFO", "component": "binance_client", "event": "client_initialized", "testnet": true, "base_url": "https://testnet.binancefuture.com"}
{"timestamp": "2025-10-23T13:49:15.849008+00:00", "level": "INFO", "component": "binance_client", "event": "testing_connection"}
{"timestamp": "2025-10-23T13:49:16.039337+00:00", "level": "INFO", "component": "binance_client", "event": "connection_test_successful"}
{"timestamp": "2025-10-23T13:49:16.039659+00:00", "level": "INFO", "component": "cli", "event": "cli_initialized", "dry_run": false, "verbose": false}
{"timestamp": "2025-10-23T13:49:16.040964+00:00", "level": "INFO", "component": "binance_client", "event": "fetching_exchange_info"}
{"timestamp": "2025-10-23T13:49:16.244205+00:00", "level": "INFO", "component": "binance_client", "event": "exchange_info_fetched", "symbol_count": 627}
{"timestamp": "2025-10-23T13:49:16.248207+00:00", "level": "INFO", "component": "stop_limit_order", "event": "placing_sell_order", "symbol": "BTCUSDT", "quantity": 0.003, "price": 45000.0, "stop_price": 46000.0, "time_in_force": "GTC"}
{"timestamp": "2025-10-23T13:49:16.248590+00:00", "level": "INFO", "component": "validator", "event": "order_request_validated", "symbol": "BTCUSDT", "side": "SELL", "order_type": "STOP_LIMIT", "binance_order_type": "STOP", "quantity": 0.003}
{"timestamp": "2025-10-23T13:49:16.248689+00:00", "level": "INFO", "component": "binance_client", "event": "placing_order", "request": {"symbol": "BTCUSDT", "side": "SELL", "type": "STOP", "quantity": 0.003, "timeInForce": "GTC", "price": 45000.0, "stopPrice": 46000.0}}
{"timestamp": "2025-10-23T13:49:16.441287+00:00", "level": "INFO", "component": "binance_client", "event": "order_placed", "response": {"orderId": 6752164728, "symbol": "BTCUSDT", "status": "NEW", "clientOrderId": "lScK2fl3uqsS7ltjLOdoDe", "price": "45000.00", "avgPrice": "0.00", "origQty": "0.003", "executedQty": "0.000", "cumQty": "0.000", "cumQuote": "0.00000", "timeInForce": "GTC", "type": "STOP", "reduceOnly": false, "closePosition": false, "side": "SELL", "positionSide": "BOTH", "stopPrice": "46000.00", "workingType": "CONTRACT_PRICE", "priceProtect": false, "origType": "STOP", "priceMatch": "NONE", "selfTradePreventionMode": "EXPIRE_MAKER", "goodTillDate": 0, "updateTime": 1761227356422}}
{"timestamp": "2025-10-23T13:49:16.441634+00:00", "level": "INFO", "component": "stop_limit_order", "event": "sell_order_placed", "order_id": 6752164728, "symbol": "BTCUSDT", "quantity": 0.003, "price": 45000.0, "stop_price": 46000.0, "time_in_force": "GTC", "status": "NEW"}
{"timestamp": "2025-10-23T13:49:17.270383+00:00", "level": "INFO", "component": "binance_client", "event": "client_initialized", "testnet": true, "base_url": "https://testnet.binancefuture.com"}
{"timestamp": "2025-10-23T13:49:17.270702+00:00", "level": "INFO", "component": "binance_client", "event": "testing_connection"}
{"timestamp": "2025-10-23T13:49:17.467207+00:00", "level": "INFO", "component": "binance_client", "event": "connection_test_successful"}
{"timestamp": "2025-10-23T13:49:17.467556+00:00", "level": "INFO", "component": "cli", "event": "cli_initialized", "dry_run": false, "verbose": false}
{"timestamp": "2025-10-23T13:49:17.469562+00:00", "level": "INFO", "component": "twap_order", "event": "simulating_twap", "symbol": "BTCUSDT", "side": "BUY", "total_quantity": 1.0, "duration_minutes": 30, "order_type": "MARKET"}
{"timestamp": "2025-10-23T13:49:17.469900+00:00", "level": "INFO", "component": "twap_order", "event": "twap_simulation_completed", "num_orders": 15, "total_quantity": 1.0}
{"timestamp": "2025-10-23T13:49:18.057780+00:00", "level": "INFO", "component": "binance_client", "event": "client_initialized", "testnet": true, "base_url": "https://testnet.binancefuture.com"}
{"timestamp": "2025-10-23T13:49:18.058046+00:00", "level": "INFO", "component": "binance_client", "event": "testing_connection"}
{"timestamp": "2025-10-23T13:49:18.243930+00:00", "level": "INFO", "component": "binance_client", "event": "connection_test_successful"}
{"timestamp": "2025-10-23T13:49:18.244181+00:00", "level": "INFO", "component": "cli", "event": "cli_initialized", "dry_run": false, "verbose": false}
{"timestamp": "2025-10-23T13:49:18.245403+00:00", "level": "INFO", "component": "grid_order", "event": "simulating_grid", "symbol": "BTCUSDT", "side": "BUY", "total_quantity": 1.0, "price_range": [40000.0, 50000.0], "num_levels": 20}
{"timestamp": "2025-10-23T13:49:18.245694+00:00", "level": "INFO", "component": "grid_order", "event": "grid_simulation_completed", "num_levels": 20, "total_quantity": 1.0}
{"timestamp": "2025-10-23T16:30:32.369369+00:00", "level": "INFO", "component": "binance_client", "event": "client_initialized", "testnet": true, "base_url": "https://testnet.binancefuture.com"}
{"timestamp": "2025-10-23T16:30:32.370888+00:00", "level": "INFO", "component": "binance_client", "event": "testing_connection"}
{"timestamp": "2025-10-23T16:30:33.115985+00:00", "level": "INFO", "component": "binance_client", "event": "connection_test_successful"}
{"timestamp": "2025-10-23T16:30:33.116401+00:00", "level": "INFO", "component": "cli", "event": "cli_initialized", "dry_run": false, "verbose": false}
{"timestamp": "2025-10-23T16:30:33.117424+00:00", "level": "INFO", "component": "binance_client", "event": "fetching_exchange_info"}
{"timestamp": "2025-10-23T16:30:33.819963+00:00", "level": "INFO", "component": "binance_client", "event": "exchange_info_fetched", "symbol_count": 627}
{"timestamp": "2025-10-23T16:30:33.824867+00:00", "level": "INFO", "component": "market_order", "event": "placing_buy_order", "symbol": "BTCUSDT", "quantity": 0.001}
{"timestamp": "2025-10-23T16:30:33.825707+00:00", "level": "INFO", "component": "validator", "event": "order_request_validated", "symbol": "BTCUSDT", "side": "BUY", "order_type": "MARKET", "binance_order_type": "MARKET", "quantity": 0.001}
{"timestamp": "2025-10-23T16:30:33.825855+00:00", "level": "INFO", "component": "binance_client", "event": "placing_order", "request": {"symbol": "BTCUSDT", "side": "BUY", "type": "MARKET", "quantity": 0.001}}
{"timestamp": "2025-10-23T16:30:34.073648+00:00", "level": "INFO", "component": "binance_client", "event": "order_placed", "response": {"orderId": 6770494165, "symbol": "BTCUSDT", "status": "NEW", "clientOrderId": "CRSSNfrEsULobGGC5Nv9gD", "price": "0.00", "avgPrice": "0.00", "origQty": "0.001", "executedQty": "0.000", "cumQty": "0.000", "cumQuote": "0.00000", "timeInForce": "GTC", "type": "MARKET", "reduceOnly": false, "closePosition": false, "side": "BUY", "positionSide": "BOTH", "stopPrice": "0.00", "workingType": "CONTRACT_PRICE", "priceProtect": false, "origType": "MARKET", "priceMatch": "NONE", "selfTradePreventionMode": "EXPIRE_MAKER", "goodTillDate": 0, "updateTime": 1761237034145}}
{"timestamp": "2025-10-23T16:30:34.074152+00:00", "level": "INFO", "component": "market_order", "event": "buy_order_placed", "order_id": 6770494165, "symbol": "BTCUSDT", "quantity": 0.001, "executed_qty": "0.000", "avg_price": "0.00"}
{"timestamp": "2025-10-23T16:30:47.427181+00:00", "level": "INFO", "component": "binance_client", "event": "client_initialized", "testnet": true, "base_url": "https://testnet.binancefuture.com"}
{"timestamp": "2025-10-23T16:30:47.428295+00:00", "level": "INFO", "component": "binance_client", "event": "testing_connection"}
{"timestamp": "2025-10-23T16:30:47.618723+00:00", "level": "INFO", "component": "binance_client", "event": "connection_test_successful"}
{"timestamp": "2025-10-23T16:30:47.619106+00:00", "level": "INFO", "component": "cli", "event": "cli_initialized", "dry_run": false, "verbose": false}
{"timestamp": "2025-10-23T16:30:47.620109+00:00", "level": "INFO", "component": "binance_client", "event": "fetching_exchange_info"}
{"timestamp": "2025-10-23T16:30:48.052449+00:00", "level": "INFO", "component": "binance_client", "event": "exchange_info_fetched", "symbol_count": 627}
{"timestamp": "2025-10-23T16:30:48.055880+00:00", "level": "INFO", "component": "limit_order", "event": "placing_sell_order", "symbol": "ETHUSDT", "quantity": 0.01, "price": 1600.0, "time_in_force": "GTC"}
{"timestamp": "2025-10-23T16:30:48.056121+00:00", "level": "INFO", "component": "validator", "event": "order_request_validated", "symbol": "ETHUSDT", "side": "SELL", "order_type": "LIMIT", "binance_order_type": "LIMIT", "quantity": 0.01}
{"timestamp": "2025-10-23T16:30:48.056194+00:00", "level": "INFO", "component": "binance_client", "event": "placing_order", "request": {"symbol": "ETHUSDT", "side": "SELL", "type": "LIMIT", "quantity": 0.01, "timeInForce": "GTC", "price": 1600.0}}
{"timestamp": "2025-10-23T16:30:48.218296+00:00", "level": "ERROR", "component": "binance_client", "event": "order_placement_failed", "error_code": -4024, "error_message": "Limit price can't be lower than 3679.92.", "request": {"symbol": "ETHUSDT", "side": "SELL", "type": "LIMIT", "quantity": 0.01, "timeInForce": "GTC", "price": 1600.0}}
{"timestamp": "2025-10-23T16:30:48.218805+00:00", "level": "WARNING", "component": "retry", "event": "retry_attempt", "function": "place_order", "attempt": 1, "max_retries": 3, "delay": 1.0, "error": "APIError(code=-4024): Limit price can't be lower than 3679.92."}
{"timestamp": "2025-10-23T16:30:49.220268+00:00", "level": "INFO", "component": "binance_client", "event": "placing_order", "request": {"symbol": "ETHUSDT", "side": "SELL", "type": "LIMIT", "quantity": 0.01, "timeInForce": "GTC", "price": 1600.0}}
{"timestamp": "2025-10-23T16:30:49.705536+00:00", "level": "ERROR", "component": "binance_client", "event": "order_placement_failed", "error_code": -4024, "error_message": "Limit price can't be lower than 3680.30.", "request": {"symbol": "ETHUSDT", "side": "SELL", "type": "LIMIT", "quantity": 0.01, "timeInForce": "GTC", "price": 1600.0}}
{"timestamp": "2025-10-23T16:30:49.706131+00:00", "level": "WARNING", "component": "retry", "event": "retry_attempt", "function": "place_order", "attempt": 2, "max_retries": 3, "delay": 2.0, "error": "APIError(code=-4024): Limit price can't be lower than 3680.30."}
{"timestamp": "2025-10-23T16:30:51.711457+00:00", "level": "INFO", "component": "binance_client", "event": "placing_order", "request": {"symbol": "ETHUSDT", "side": "SELL", "type": "LIMIT", "quantity": 0.01, "timeInForce": "GTC", "price": 1600.0}}
{"timestamp": "2025-10-23T16:30:51.882032+00:00", "level": "ERROR", "component": "binance_client", "event": "order_placement_failed", "error_code": -4024, "error_message": "Limit price can't be lower than 3680.42.", "request": {"symbol": "ETHUSDT", "side": "SELL", "type": "LIMIT", "quantity": 0.01, "timeInForce": "GTC", "price": 1600.0}}
{"timestamp": "2025-10-23T16:30:51.882504+00:00", "level": "WARNING", "component": "retry", "event": "retry_attempt", "function": "place_order", "attempt": 3, "max_retries": 3, "delay": 4.0, "error": "APIError(code=-4024): Limit price can't be lower than 3680.42."}
{"timestamp": "2025-10-23T16:30:55.886607+00:00", "level": "INFO", "component": "binance_client", "event": "placing_order", "request": {"symbol": "ETHUSDT", "side": "SELL", "type": "LIMIT", "quantity": 0.01, "timeInForce": "GTC", "price": 1600.0}}
{"timestamp": "2025-10-23T16:30:56.056973+00:00", "level": "ERROR", "component": "binance_client", "event": "order_placement_failed", "error_code": -4024, "error_message": "Limit price can't be lower than 3680.06.", "request": {"symbol": "ETHUSDT", "side": "SELL", "type": "LIMIT", "quantity": 0.01, "timeInForce": "GTC", "price": 1600.0}}
{"timestamp": "2025-10-23T16:30:56.057686+00:00", "level": "ERROR", "component": "retry", "event": "max_retries_exceeded", "function": "place_order", "attempts": 4, "error": "APIError(code=-4024): Limit price can't be lower than 3680.06."}
{"timestamp": "2025-10-23T16:30:56.057968+00:00", "level": "ERROR", "component": "limit_order", "event": "sell_order_placement_failed", "error_code": -4024, "error_message": "Limit price can't be lower than 3680.06.", "symbol": "ETHUSDT", "quantity": 0.01, "price": 1600.0}
{"timestamp": "2025-10-23T16:30:56.058411+00:00", "level": "ERROR", "component": "cli", "event": "order_placement_failed", "error": "APIError(code=-4024): Limit price can't be lower than 3680.06.", "symbol": "ETHUSDT", "side": "SELL", "order_type": "LIMIT"}
{"timestamp": "2025-10-23T16:31:23.551805+00:00", "level": "INFO", "component": "binance_client", "event": "client_initialized", "testnet": true, "base_url": "https://testnet.binancefuture.com"}
{"timestamp": "2025-10-23T16:31:23.553164+00:00", "level": "INFO", "component": "binance_client", "event": "testing_connection"}
{"timestamp": "2025-10-23T16:31:23.739440+00:00", "level": "INFO", "component": "binance_client", "event": "connection_test_successful"}
{"timestamp": "2025-10-23T16:31:23.739877+00:00", "level": "INFO", "component": "cli", "event": "cli_initialized", "dry_run": false, "verbose": false}
{"timestamp": "2025-10-23T16:31:23.742012+00:00", "level": "INFO", "component": "binance_client", "event": "fetching_exchange_info"}
{"timestamp": "2025-10-23T16:31:23.990518+00:00", "level": "INFO", "component": "binance_client", "event": "exchange_info_fetched", "symbol_count": 627}
{"timestamp": "2025-10-23T16:31:23.995349+00:00", "level": "INFO", "component": "limit_order", "event": "placing_sell_order", "symbol": "ETHUSDT", "quantity": 0.01, "price": 4600.0, "time_in_force": "GTC"}
{"timestamp": "2025-10-23T16:31:23.995628+00:00", "level": "INFO", "component": "validator", "event": "order_request_validated", "symbol": "ETHUSDT", "side": "SELL", "order_type": "LIMIT", "binance_order_type": "LIMIT", "quantity": 0.01}
{"timestamp": "2025-10-23T16:31:23.995707+00:00", "level": "INFO", "component": "binance_client", "event": "placing_order", "request": {"symbol": "ETHUSDT", "side": "SELL", "type": "LIMIT", "quantity": 0.01, "timeInForce": "GTC", "price": 4600.0}}
{"timestamp": "2025-10-23T16:31:24.491173+00:00", "level": "INFO", "component": "binance_client", "event": "order_placed", "response": {"orderId": 5725921373, "symbol": "ETHUSDT", "status": "NEW", "clientOrderId": "Xjz83OgpxX5qpp2gwdmjt6", "price": "4600.00", "avgPrice": "0.00", "origQty": "0.010", "executedQty": "0.000", "cumQty": "0.000", "cumQuote": "0.00000", "timeInForce": "GTC", "type": "LIMIT", "reduceOnly": false, "closePosition": false, "side": "SELL", "positionSide": "BOTH", "stopPrice": "0.00", "workingType": "CONTRACT_PRICE", "priceProtect": false, "origType": "LIMIT", "priceMatch": "NONE", "selfTradePreventionMode": "EXPIRE_MAKER", "goodTillDate": 0, "updateTime": 1761237084533}}
{"timestamp": "2025-10-23T16:31:24.491866+00:00", "level": "INFO", "component": "limit_order", "event": "sell_order_placed", "order_id": 5725921373, "symbol": "ETHUSDT", "quantity": 0.01, "price": 4600.0, "time_in_force": "GTC", "status": "NEW"}
{"timestamp": "2025-10-23T16:32:06.056902+00:00", "level": "INFO", "component": "binance_client", "event": "client_initialized", "testnet": true, "base_url": "https://testnet.binancefuture.com"}
{"timestamp": "2025-10-23T16:32:06.058630+00:00", "level": "INFO", "component": "binance_client", "event": "testing_connection"}
{"timestamp": "2025-10-23T16:32:06.486932+00:00", "level": "INFO", "component": "binance_client", "event": "connection_test_successful"}
{"timestamp": "2025-10-23T16:32:06.487270+00:00", "level": "INFO", "component": "cli", "event": "cli_initialized", "dry_run": false, "verbose": false}
{"timestamp": "2025-10-23T16:32:06.488708+00:00", "level": "INFO", "component": "binance_client", "event": "fetching_exchange_info"}
{"timestamp": "2025-10-23T16:32:06.835836+00:00", "level": "INFO", "component": "binance_client", "event": "exchange_info_fetched", "symbol_count": 627}
{"timestamp": "2025-10-23T16:32:06.839959+00:00", "level": "INFO", "component": "stop_limit_order", "event": "placing_buy_order", "symbol": "BTCUSDT", "quantity": 0.001, "price": 50000.0, "stop_price": 49000.0, "time_in_force": "GTC"}
{"timestamp": "2025-10-23T16:32:06.840302+00:00", "level": "INFO", "component": "validator", "event": "order_request_validated", "symbol": "BTCUSDT", "side": "BUY", "order_type": "STOP_LIMIT", "binance_order_type": "STOP", "quantity": 0.001}
{"timestamp": "2025-10-23T16:32:06.840400+00:00", "level": "INFO", "component": "binance_client", "event": "placing_order", "request": {"symbol": "BTCUSDT", "side": "BUY", "type": "STOP", "quantity": 0.001, "timeInForce": "GTC", "price": 50000.0, "stopPrice": 49000.0}}
{"timestamp": "2025-10-23T16:32:07.002637+00:00", "level": "ERROR", "component": "binance_client", "event": "order_placement_failed", "error_code": -4164, "error_message": "Order's notional must be no smaller than 100 (unless you choose reduce only).", "request": {"symbol": "BTCUSDT", "side": "BUY", "type": "STOP", "quantity": 0.001, "timeInForce": "GTC", "price": 50000.0, "stopPrice": 49000.0}}
{"timestamp": "2025-10-23T16:32:07.003176+00:00", "level": "WARNING", "component": "retry", "event": "retry_attempt", "function": "place_order", "attempt": 1, "max_retries": 3, "delay": 1.0, "error": "APIError(code=-4164): Order's notional must be no smaller than 100 (unless you choose reduce only)."}
{"timestamp": "2025-10-23T16:32:08.004515+00:00", "level": "INFO", "component": "binance_client", "event": "placing_order", "request": {"symbol": "BTCUSDT", "side": "BUY", "type": "STOP", "quantity": 0.001, "timeInForce": "GTC", "price": 50000.0, "stopPrice": 49000.0}}
{"timestamp": "2025-10-23T16:32:08.170185+00:00", "level": "ERROR", "component": "binance_client", "event": "order_placement_failed", "error_code": -4164, "error_message": "Order's notional must be no smaller than 100 (unless you choose reduce only).", "request": {"symbol": "BTCUSDT", "side": "BUY", "type": "STOP", "quantity": 0.001, "timeInForce": "GTC", "price": 50000.0, "stopPrice": 49000.0}}
{"timestamp": "2025-10-23T16:32:08.170757+00:00", "level": "WARNING", "component": "retry", "event": "retry_attempt", "function": "place_order", "attempt": 2, "max_retries": 3, "delay": 2.0, "error": "APIError(code=-4164): Order's notional must be no smaller than 100 (unless you choose reduce only)."}
{"timestamp": "2025-10-23T16:32:10.175506+00:00", "level": "INFO", "component": "binance_client", "event": "placing_order", "request": {"symbol": "BTCUSDT", "side": "BUY", "type": "STOP", "quantity": 0.001, "timeInForce": "GTC", "price": 50000.0, "stopPrice": 49000.0}}
{"timestamp": "2025-10-23T16:32:10.368672+00:00", "level": "ERROR", "component": "binance_client", "event": "order_placement_failed", "error_code": -4164, "error_message": "Order's notional must be no smaller than 100 (unless you choose reduce only).", "request": {"symbol": "BTCUSDT", "side": "BUY", "type": "STOP", "quantity": 0.001, "timeInForce": "GTC", "price": 50000.0, "stopPrice": 49000.0}}
{"timestamp": "2025-10-23T16:32:10.369150+00:00", "level": "WARNING", "component": "retry", "event": "retry_attempt", "function": "place_order", "attempt": 3, "max_retries": 3, "delay": 4.0, "error": "APIError(code=-4164): Order's notional must be no smaller than 100 (unless you choose reduce only)."}
{"timestamp": "2025-10-23T16:32:14.371247+00:00", "level": "INFO", "component": "binance_client", "event": "placing_order", "request": {"symbol": "BTCUSDT", "side": "BUY", "type": "STOP", "quantity": 0.001, "timeInForce": "GTC", "price": 50000.0, "stopPrice": 49000.0}}
{"timestamp": "2025-10-23T16:32:14.541112+00:00", "level": "ERROR", "component": "binance_client", "event": "order_placement_failed", "error_code": -4164, "error_message": "Order's notional must be no smaller than 100 (unless you choose reduce only).", "request": {"symbol": "BTCUSDT", "side": "BUY", "type": "STOP", "quantity": 0.001, "timeInForce": "GTC", "price": 50000.0, "stopPrice": 49000.0}}
{"timestamp": "2025-10-23T16:32:14.541883+00:00", "level": "ERROR", "component": "retry", "event": "max_retries_exceeded", "function": "place_order", "attempts": 4, "error": "APIError(code=-4164): Order's notional must be no smaller than 100 (unless you choose reduce only)."}
{"timestamp": "2025-10-23T16:32:14.542279+00:00", "level": "ERROR", "component": "stop_limit_order", "event": "buy_order_placement_failed", "error_code": -4164, "error_message": "Order's notional must be no smaller than 100 (unless you choose reduce only).", "symbol": "BTCUSDT", "quantity": 0.001, "price": 50000.0, "stop_price": 49000.0}
{"timestamp": "2025-10-23T16:32:14.542890+00:00", "level": "ERROR", "component": "cli", "event": "order_placement_failed", "error": "APIError(code=-4164): Order's notional must be no smaller than 100 (unless you choose reduce only).", "symbol": "BTCUSDT", "side": "BUY", "order_type": "STOP_LIMIT"}
{"timestamp": "2025-10-23T16:33:30.997446+00:00", "level": "INFO", "component": "binance_client", "event": "client_initialized", "testnet": true, "base_url": "https://testnet.binancefuture.com"}
{"timestamp": "2025-10-23T16:33:30.998141+00:00", "level": "INFO", "component": "binance_client", "event": "testing_connection"}
{"timestamp": "2025-10-23T16:33:31.414920+00:00", "level": "INFO", "component": "binance_client", "event": "connection_test_successful"}
{"timestamp": "2025-10-23T16:33:31.415033+00:00", "level": "INFO", "component": "cli", "event": "cli_initialized", "dry_run": false, "verbose": false}
{"timestamp": "2025-10-23T16:33:31.415411+00:00", "level": "INFO", "component": "binance_client", "event": "fetching_exchange_info"}
{"timestamp": "2025-10-23T16:33:31.605468+00:00", "level": "INFO", "component": "binance_client", "event": "exchange_info_fetched", "symbol_count": 627}
{"timestamp": "2025-10-23T16:33:31.609273+00:00", "level": "INFO", "component": "stop_limit_order", "event": "placing_sell_order", "symbol": "BTCUSDT", "quantity": 0.003, "price": 45000.0, "stop_price": 46000.0, "time_in_force": "GTC"}
{"timestamp": "2025-10-23T16:33:31.609618+00:00", "level": "INFO", "component": "validator", "event": "order_request_validated", "symbol": "BTCUSDT", "side": "SELL", "order_type": "STOP_LIMIT", "binance_order_type": "STOP", "quantity": 0.003}
{"timestamp": "2025-10-23T16:33:31.609701+00:00", "level": "INFO", "component": "binance_client", "event": "placing_order", "request": {"symbol": "BTCUSDT", "side": "SELL", "type": "STOP", "quantity": 0.003, "timeInForce": "GTC", "price": 45000.0, "stopPrice": 46000.0}}
{"timestamp": "2025-10-23T16:33:32.147637+00:00", "level": "INFO", "component": "binance_client", "event": "order_placed", "response": {"orderId": 6770838041, "symbol": "BTCUSDT", "status": "NEW", "clientOrderId": "95SphsG6tE5C8G32OkxIUA", "price": "45000.00", "avgPrice": "0.00", "origQty": "0.003", "executedQty": "0.000", "cumQty": "0.000", "cumQuote": "0.00000", "timeInForce": "GTC", "type": "STOP", "reduceOnly": false, "closePosition": false, "side": "SELL", "positionSide": "BOTH", "stopPrice": "46000.00", "workingType": "CONTRACT_PRICE", "priceProtect": false, "origType": "STOP", "priceMatch": "NONE", "selfTradePreventionMode": "EXPIRE_MAKER", "goodTillDate": 0, "updateTime": 1761237212148}}
{"timestamp": "2025-10-23T16:33:32.148278+00:00", "level": "INFO", "component": "stop_limit_order", "event": "sell_order_placed", "order_id": 6770838041, "symbol": "BTCUSDT", "quantity": 0.003, "price": 45000.0, "stop_price": 46000.0, "time_in_force": "GTC", "status": "NEW"}
{"timestamp": "2025-10-23T16:33:51.441766+00:00", "level": "INFO", "component": "binance_client", "event": "client_initialized", "testnet": true, "base_url": "https://testnet.binancefuture.com"}
{"timestamp": "2025-10-23T16:33:51.442500+00:00", "level": "INFO", "component": "binance_client", "event": "testing_connection"}
{"timestamp": "2025-10-23T16:33:51.628194+00:00", "level": "INFO", "component": "binance_client", "event": "connection_test_successful"}
{"timestamp": "2025-10-23T16:33:51.628431+00:00", "level": "INFO", "component": "cli", "event": "cli_initialized", "dry_run": false, "verbose": false}
{"timestamp": "2025-10-23T16:33:51.629962+00:00", "level": "INFO", "component": "binance_client", "event": "fetching_exchange_info"}
{"timestamp": "2025-10-23T16:33:51.828660+00:00", "level": "INFO", "component": "binance_client", "event": "exchange_info_fetched", "symbol_count": 627}
{"timestamp": "2025-10-23T16:33:51.833055+00:00", "level": "INFO", "component": "stop_limit_order", "event": "placing_sell_order", "symbol": "BTCUSDT", "quantity": 0.003, "price": 45000.0, "stop_price": 46000.0, "time_in_force": "GTC"}
{"timestamp": "2025-10-23T16:33:51.833427+00:00", "level": "INFO", "component": "validator", "event": "order_request_validated", "symbol": "BTCUSDT", "side": "SELL", "order_type": "STOP_LIMIT", "binance_order_type": "STOP", "quantity": 0.003}
{"timestamp": "2025-10-23T16:33:51.833523+00:00", "level": "INFO", "component": "binance_client", "event": "placing_order", "request": {"symbol": "BTCUSDT", "side": "SELL", "type": "STOP", "quantity": 0.003, "timeInForce": "GTC", "price": 45000.0, "stopPrice": 46000.0}}
{"timestamp": "2025-10-23T16:33:52.361127+00:00", "level": "INFO", "component": "binance_client", "event": "order_placed", "response": {"orderId": 6770872667, "symbol": "BTCUSDT", "status": "NEW", "clientOrderId": "FVco4XztNS6MG92kphXwl7", "price": "45000.00", "avgPrice": "0.00", "origQty": "0.003", "executedQty": "0.000", "cumQty": "0.000", "cumQuote": "0.00000", "timeInForce": "GTC", "type": "STOP", "reduceOnly": false, "closePosition": false, "side": "SELL", "positionSide": "BOTH", "stopPrice": "46000.00", "workingType": "CONTRACT_PRICE", "priceProtect": false, "origType": "STOP", "priceMatch": "NONE", "selfTradePreventionMode": "EXPIRE_MAKER", "goodTillDate": 0, "updateTime": 1761237232385}}
{"timestamp": "2025-10-23T16:33:52.361640+00:00", "level": "INFO", "component": "stop_limit_order", "event": "sell_order_placed", "order_id": 6770872667, "symbol": "BTCUSDT", "quantity": 0.003, "price": 45000.0, "stop_price": 46000.0, "time_in_force": "GTC", "status": "NEW"}
{"timestamp": "2025-10-23T17:05:42.971214+00:00", "level": "INFO", "component": "binance_client", "event": "client_initialized", "testnet": true, "base_url": "https://testnet.binancefuture.com"}
{"timestamp": "2025-10-23T17:05:42.972050+00:00", "level": "INFO", "component": "binance_client", "event": "testing_connection"}
{"timestamp": "2025-10-23T17:05:44.036060+00:00", "level": "INFO", "component": "binance_client", "event": "connection_test_successful"}
{"timestamp": "2025-10-23T17:05:44.036448+00:00", "level": "INFO", "component": "cli", "event": "cli_initialized", "dry_run": false, "verbose": false}
{"timestamp": "2025-10-23T17:05:44.037809+00:00", "level": "INFO", "component": "binance_client", "event": "fetching_exchange_info"}
{"timestamp": "2025-10-23T17:05:44.634709+00:00", "level": "INFO", "component": "binance_client", "event": "exchange_info_fetched", "symbol_count": 627}
{"timestamp": "2025-10-23T17:05:44.637587+00:00", "level": "INFO", "component": "oco_order", "event": "placing_oco_order", "symbol": "BTCUSDT", "side": "BUY", "quantity": 0.001, "price": 52000.0, "stop_price": 48000.0, "stop_limit_price": 48000.0, "stop_limit_time_in_force": "GTC"}
{"timestamp": "2025-10-23T17:05:44.637684+00:00", "level": "ERROR", "component": "oco_order", "event": "unexpected_oco_order_error", "error": "'Client' object has no attribute 'futures_create_oco_order'", "symbol": "BTCUSDT", "side": "BUY", "quantity": 0.001, "price": 52000.0, "stop_price": 48000.0}
{"timestamp": "2025-10-23T17:05:44.637780+00:00", "level": "ERROR", "component": "cli", "event": "order_placement_failed", "error": "'Client' object has no attribute 'futures_create_oco_order'", "symbol": "BTCUSDT", "side": "BUY", "order_type": "OCO"}
{"timestamp": "2025-10-23T17:14:11.597204+00:00", "level": "INFO", "component": "binance_client", "event": "client_initialized", "testnet": true, "base_url": "https://testnet.binancefuture.com"}
{"timestamp": "2025-10-23T17:14:11.597667+00:00", "level": "INFO", "component": "binance_client", "event": "testing_connection"}
{"timestamp": "2025-10-23T17:14:12.336830+00:00", "level": "INFO", "component": "binance_client", "event": "connection_test_successful"}
{"timestamp": "2025-10-23T17:14:12.337205+00:00", "level": "INFO", "component": "cli", "event": "cli_initialized", "dry_run": false, "verbose": false}
{"timestamp": "2025-10-23T17:14:12.338484+00:00", "level": "INFO", "component": "binance_client", "event": "fetching_exchange_info"}
{"timestamp": "2025-10-23T17:14:12.677487+00:00", "level": "INFO", "component": "binance_client", "event": "exchange_info_fetched", "symbol_count": 627}
{"timestamp": "2025-10-23T17:14:12.681976+00:00", "level": "INFO", "component": "oco_order", "event": "placing_oco_order", "symbol": "BTCUSDT", "side": "BUY", "quantity": 0.001, "price": 52000.0, "stop_price": 48000.0, "stop_limit_price": 48000.0, "stop_limit_time_in_force": "GTC"}
{"timestamp": "2025-10-23T17:14:12.682125+00:00", "level": "ERROR", "component": "oco_order", "event": "unexpected_oco_order_error", "error": "'Client' object has no attribute 'futures_create_oco_order'", "symbol": "BTCUSDT", "side": "BUY", "quantity": 0.001, "price": 52000.0, "stop_price": 48000.0}
{"timestamp": "2025-10-23T17:14:12.682256+00:00", "level": "ERROR", "component": "cli", "event": "order_placement_failed", "error": "'Client' object has no attribute 'futures_create_oco_order'", "symbol": "BTCUSDT", "side": "BUY", "order_type": "OCO"}
{"timestamp": "2025-10-23T17:15:21.576966+00:00", "level": "INFO", "component": "binance_client", "event": "client_initialized", "testnet": true, "base_url": "https://testnet.binancefuture.com"}
{"timestamp": "2025-10-23T17:15:21.577535+00:00", "level": "INFO", "component": "binance_client", "event": "testing_connection"}
{"timestamp": "2025-10-23T17:15:21.778906+00:00", "level": "INFO", "component": "binance_client", "event": "connection_test_successful"}
{"timestamp": "2025-10-23T17:15:21.779003+00:00", "level": "INFO", "component": "cli", "event": "cli_initialized", "dry_run": false, "verbose": false}
{"timestamp": "2025-10-23T17:15:21.779280+00:00", "level": "INFO", "component": "binance_client", "event": "fetching_exchange_info"}
{"timestamp": "2025-10-23T17:15:22.134304+00:00", "level": "INFO", "component": "binance_client", "event": "exchange_info_fetched", "symbol_count": 627}
{"timestamp": "2025-10-23T17:15:22.138573+00:00", "level": "INFO", "component": "oco_order", "event": "placing_oco_order", "symbol": "BTCUSDT", "side": "BUY", "quantity": 0.001, "price": 52000.0, "stop_price": 48000.0, "stop_limit_price": 48000.0, "stop_limit_time_in_force": "GTC"}
{"timestamp": "2025-10-23T17:15:22.297892+00:00", "level": "ERROR", "component": "oco_order", "event": "oco_order_placement_failed", "error_code": -4164, "error_message": "Order's notional must be no smaller than 100 (unless you choose reduce only).", "symbol": "BTCUSDT", "side": "BUY", "quantity": 0.001, "price": 52000.0, "stop_price": 48000.0}
{"timestamp": "2025-10-23T17:15:22.298101+00:00", "level": "ERROR", "component": "cli", "event": "order_placement_failed", "error": "APIError(code=-4164): Order's notional must be no smaller than 100 (unless you choose reduce only).", "symbol": "BTCUSDT", "side": "BUY", "order_type": "OCO"}
{"timestamp": "2025-10-23T17:15:26.220283+00:00", "level": "INFO", "component": "binance_client", "event": "client_initialized", "testnet": true, "base_url": "https://testnet.binancefuture.com"}
{"timestamp": "2025-10-23T17:15:26.220625+00:00", "level": "INFO", "component": "binance_client", "event": "testing_connection"}
{"timestamp": "2025-10-23T17:15:26.411151+00:00", "level": "INFO", "component": "binance_client", "event": "connection_test_successful"}
{"timestamp": "2025-10-23T17:15:26.411371+00:00", "level": "INFO", "component": "cli", "event": "cli_initialized", "dry_run": false, "verbose": false}
{"timestamp": "2025-10-23T17:15:26.411879+00:00", "level": "INFO", "component": "binance_client", "event": "fetching_exchange_info"}
{"timestamp": "2025-10-23T17:15:27.055243+00:00", "level": "INFO", "component": "binance_client", "event": "exchange_info_fetched", "symbol_count": 627}
{"timestamp": "2025-10-23T17:15:27.058234+00:00", "level": "INFO", "component": "oco_order", "event": "placing_oco_order", "symbol": "BTCUSDT", "side": "BUY", "quantity": 0.002, "price": 52000.0, "stop_price": 48000.0, "stop_limit_price": 48000.0, "stop_limit_time_in_force": "GTC"}
{"timestamp": "2025-10-23T17:15:27.382936+00:00", "level": "ERROR", "component": "oco_order", "event": "oco_order_placement_failed", "error_code": -4164, "error_message": "Order's notional must be no smaller than 100 (unless you choose reduce only).", "symbol": "BTCUSDT", "side": "BUY", "quantity": 0.002, "price": 52000.0, "stop_price": 48000.0}
{"timestamp": "2025-10-23T17:15:27.383437+00:00", "level": "ERROR", "component": "cli", "event": "order_placement_failed", "error": "APIError(code=-4164): Order's notional must be no smaller than 100 (unless you choose reduce only).", "symbol": "BTCUSDT", "side": "BUY", "order_type": "OCO"}
{"timestamp": "2025-10-23T17:15:30.458108+00:00", "level": "INFO", "component": "binance_client", "event": "client_initialized", "testnet": true, "base_url": "https://testnet.binancefuture.com"}
{"timestamp": "2025-10-23T17:15:30.458597+00:00", "level": "INFO", "component": "binance_client", "event": "testing_connection"}
{"timestamp": "2025-10-23T17:15:31.190739+00:00", "level": "INFO", "component": "binance_client", "event": "connection_test_successful"}
{"timestamp": "2025-10-23T17:15:31.191059+00:00", "level": "INFO", "component": "cli", "event": "cli_initialized", "dry_run": false, "verbose": false}
{"timestamp": "2025-10-23T17:15:31.191720+00:00", "level": "INFO", "component": "binance_client", "event": "fetching_exchange_info"}
{"timestamp": "2025-10-23T17:15:31.537440+00:00", "level": "INFO", "component": "binance_client", "event": "exchange_info_fetched", "symbol_count": 627}
{"timestamp": "2025-10-23T17:15:31.541382+00:00", "level": "INFO", "component": "oco_order", "event": "placing_oco_order", "symbol": "BTCUSDT", "side": "BUY", "quantity": 0.01, "price": 52000.0, "stop_price": 48000.0, "stop_limit_price": 48000.0, "stop_limit_time_in_force": "GTC"}
{"timestamp": "2025-10-23T17:15:32.168926+00:00", "level": "INFO", "component": "oco_order", "event": "oco_order_placed", "symbol": "BTCUSDT", "side": "BUY", "quantity": 0.01, "price": 52000.0, "stop_price": 48000.0, "limit_order_id": 6775663068, "stop_order_id": 6775665284, "response": {"orderListId": "oco_6775663068_6775665284", "listOrderStatus": "EXECUTING", "transactionTime": 1761239731715, "limitOrder": {"orderId": 6775663068, "symbol": "BTCUSDT", "status": "NEW", "clientOrderId": "oCwWY5Qqg1qXWTw85mzOod", "price": "52000.00", "avgPrice": "0.00", "origQty": "0.010", "executedQty": "0.000", "cumQty": "0.000", "cumQuote": "0.00000", "timeInForce": "GTC", "type": "LIMIT", "reduceOnly": false, "closePosition": false, "side": "BUY", "positionSide": "BOTH", "stopPrice": "0.00", "workingType": "CONTRACT_PRICE", "priceProtect": false, "origType": "LIMIT", "priceMatch": "NONE", "selfTradePreventionMode": "EXPIRE_MAKER", "goodTillDate": 0, "updateTime": 1761239731715}, "stopOrder": {"orderId": 6775665284, "symbol": "BTCUSDT", "status": "NEW", "clientOrderId": "bnVIuuXdzvB4oV7xlePQk7", "price": "0.00", "avgPrice": "0.00", "origQty": "0.010", "executedQty": "0.000", "cumQty": "0.000", "cumQuote": "0.00000", "timeInForce": "GTC", "type": "STOP_MARKET", "reduceOnly": false, "closePosition": false, "side": "SELL", "positionSide": "BOTH", "stopPrice": "48000.00", "workingType": "CONTRACT_PRICE", "priceProtect": false, "origType": "STOP_MARKET", "priceMatch": "NONE", "selfTradePreventionMode": "EXPIRE_MAKER", "goodTillDate": 0, "updateTime": 1761239732180}}}
{"timestamp": "2025-10-23T17:15:49.886527+00:00", "level": "INFO", "component": "binance_client", "event": "client_initialized", "testnet": true, "base_url": "https://testnet.binancefuture.com"}
{"timestamp": "2025-10-23T17:15:49.886816+00:00", "level": "INFO", "component": "binance_client", "event": "testing_connection"}
{"timestamp": "2025-10-23T17:15:50.372507+00:00", "level": "INFO", "component": "binance_client", "event": "connection_test_successful"}
{"timestamp": "2025-10-23T17:15:50.372752+00:00", "level": "INFO", "component": "cli", "event": "cli_initialized", "dry_run": false, "verbose": false}
{"timestamp": "2025-10-23T17:15:50.373606+00:00", "level": "INFO", "component": "binance_client", "event": "fetching_exchange_info"}
{"timestamp": "2025-10-23T17:15:51.048712+00:00", "level": "INFO", "component": "binance_client", "event": "exchange_info_fetched", "symbol_count": 627}
{"timestamp": "2025-10-23T17:15:51.052120+00:00", "level": "INFO", "component": "oco_order", "event": "placing_oco_order", "symbol": "BTCUSDT", "side": "BUY", "quantity": 0.01, "price": 52000.0, "stop_price": 48000.0, "stop_limit_price": 48000.0, "stop_limit_time_in_force": "GTC"}
{"timestamp": "2025-10-23T17:15:51.383649+00:00", "level": "INFO", "component": "oco_order", "event": "oco_order_placed", "symbol": "BTCUSDT", "side": "BUY", "quantity": 0.01, "price": 52000.0, "stop_price": 48000.0, "limit_order_id": 6775703805, "stop_order_id": 6775704031, "response": {"orderListId": "oco_6775703805_6775704031", "listOrderStatus": "EXECUTING", "transactionTime": 1761239751228, "limitOrder": {"orderId": 6775703805, "symbol": "BTCUSDT", "status": "NEW", "clientOrderId": "DMKNlP66r7APhzcNO491vQ", "price": "52000.00", "avgPrice": "0.00", "origQty": "0.010", "executedQty": "0.000", "cumQty": "0.000", "cumQuote": "0.00000", "timeInForce": "GTC", "type": "LIMIT", "reduceOnly": false, "closePosition": false, "side": "BUY", "positionSide": "BOTH", "stopPrice": "0.00", "workingType": "CONTRACT_PRICE", "priceProtect": false, "origType": "LIMIT", "priceMatch": "NONE", "selfTradePreventionMode": "EXPIRE_MAKER", "goodTillDate": 0, "updateTime": 1761239751228}, "stopOrder": {"orderId": 6775704031, "symbol": "BTCUSDT", "status": "NEW", "clientOrderId": "LgoGOi9cw8ZKjW8LQCRE1p", "price": "0.00", "avgPrice": "0.00", "origQty": "0.010", "executedQty": "0.000", "cumQty": "0.000", "cumQuote": "0.00000", "timeInForce": "GTC", "type": "STOP_MARKET", "reduceOnly": false, "closePosition": false, "side": "SELL", "positionSide": "BOTH", "stopPrice": "48000.00", "workingType": "CONTRACT_PRICE", "priceProtect": false, "origType": "STOP_MARKET", "priceMatch": "NONE", "selfTradePreventionMode": "EXPIRE_MAKER", "goodTillDate": 0, "updateTime": 1761239751393}}}
{"timestamp": "2025-10-23T17:17:07.423882+00:00", "level": "INFO", "component": "binance_client", "event": "client_initialized", "testnet": true, "base_url": "https://testnet.binancefuture.com"}
{"timestamp": "2025-10-23T17:17:07.425288+00:00", "level": "INFO", "component": "binance_client", "event": "testing_connection"}
{"timestamp": "2025-10-23T17:17:07.848051+00:00", "level": "INFO", "component": "binance_client", "event": "connection_test_successful"}
{"timestamp": "2025-10-23T17:17:07.848734+00:00", "level": "INFO", "component": "cli", "event": "cli_initialized", "dry_run": false, "verbose": false}
{"timestamp": "2025-10-23T17:17:07.849776+00:00", "level": "INFO", "component": "grid_order", "event": "simulating_grid", "symbol": "BTCUSDT", "side": "BUY", "total_quantity": 1.0, "price_range": [40000.0, 50000.0], "num_levels": 10}
{"timestamp": "2025-10-23T17:17:07.849995+00:00", "level": "INFO", "component": "grid_order", "event": "grid_simulation_completed", "num_levels": 10, "total_quantity": 1.0}
{"timestamp": "2025-10-23T17:17:17.029382+00:00", "level": "INFO", "component": "binance_client", "event": "client_initialized", "testnet": true, "base_url": "https://testnet.binancefuture.com"}
{"timestamp": "2025-10-23T17:17:17.029724+00:00", "level": "INFO", "component": "binance_client", "event": "testing_connection"}
{"timestamp": "2025-10-23T17:17:17.224704+00:00", "level": "INFO", "component": "binance_client", "event": "connection_test_successful"}
{"timestamp": "2025-10-23T17:17:17.224791+00:00", "level": "INFO", "component": "cli", "event": "cli_initialized", "dry_run": false, "verbose": false}
{"timestamp": "2025-10-23T17:17:17.225080+00:00", "level": "INFO", "component": "grid_order", "event": "simulating_grid", "symbol": "BTCUSDT", "side": "SELL", "total_quantity": 1.0, "price_range": [40000.0, 50000.0], "num_levels": 10}
{"timestamp": "2025-10-23T17:17:17.225138+00:00", "level": "INFO", "component": "grid_order", "event": "grid_simulation_completed", "num_levels": 10, "total_quantity": 1.0}
{"timestamp": "2025-10-23T17:20:44.281115+00:00", "level": "INFO", "component": "binance_client", "event": "client_initialized", "testnet": true, "base_url": "https://testnet.binancefuture.com"}
{"timestamp": "2025-10-23T17:20:44.281762+00:00", "level": "INFO", "component": "binance_client", "event": "testing_connection"}
{"timestamp": "2025-10-23T17:20:45.006756+00:00", "level": "INFO", "component": "binance_client", "event": "connection_test_successful"}
{"timestamp": "2025-10-23T17:20:45.007233+00:00", "level": "INFO", "component": "cli", "event": "cli_initialized", "dry_run": false, "verbose": false}
{"timestamp": "2025-10-23T17:20:45.008428+00:00", "level": "INFO", "component": "twap_order", "event": "simulating_twap", "symbol": "BTCUSDT", "side": "BUY", "total_quantity": 1.0, "duration_minutes": 10, "order_type": "MARKET"}
{"timestamp": "2025-10-23T17:20:45.008629+00:00", "level": "INFO", "component": "twap_order", "event": "twap_simulation_completed", "num_orders": 5, "total_quantity": 1.0}
{"timestamp": "2025-10-23T17:20:58.133424+00:00", "level": "INFO", "component": "binance_client", "event": "client_initialized", "testnet": true, "base_url": "https://testnet.binancefuture.com"}
{"timestamp": "2025-10-23T17:20:58.133815+00:00", "level": "INFO", "component": "binance_client", "event": "testing_connection"}
{"timestamp": "2025-10-23T17:20:58.661715+00:00", "level": "INFO", "component": "binance_client", "event": "connection_test_successful"}
{"timestamp": "2025-10-23T17:20:58.661956+00:00", "level": "INFO", "component": "cli", "event": "cli_initialized", "dry_run": false, "verbose": false}
{"timestamp": "2025-10-23T17:20:58.662813+00:00", "level": "INFO", "component": "twap_order", "event": "simulating_twap", "symbol": "BTCUSDT", "side": "BUY", "total_quantity": 1.0, "duration_minutes": 10, "order_type": "LIMIT"}
{"timestamp": "2025-10-23T17:20:58.662946+00:00", "level": "INFO", "component": "twap_order", "event": "twap_simulation_completed", "num_orders": 5, "total_quantity": 1.0}
{"timestamp": "2025-10-23T17:21:11.686914+00:00", "level": "INFO", "component": "binance_client", "event": "client_initialized", "testnet": true, "base_url": "https://testnet.binancefuture.com"}
{"timestamp": "2025-10-23T17:21:11.688132+00:00", "level": "INFO", "component": "cli", "event": "cli_initialized", "dry_run": true, "verbose": false}
{"timestamp": "2025-10-23T17:21:11.689288+00:00", "level": "INFO", "component": "binance_client", "event": "fetching_exchange_info"}
{"timestamp": "2025-10-23T17:21:12.056773+00:00", "level": "INFO", "component": "binance_client", "event": "exchange_info_fetched", "symbol_count": 627}
{"timestamp": "2025-10-23T17:21:12.060288+00:00", "level": "INFO", "component": "cli", "event": "dry_run_order", "symbol": "BTCUSDT", "side": "BUY", "order_type": "MARKET", "quantity": 0.001, "price": null, "stop_price": null, "time_in_force": "GTC"}
{"timestamp": "2025-10-23T17:21:28.847295+00:00", "level": "INFO", "component": "binance_client", "event": "client_initialized", "testnet": true, "base_url": "https://testnet.binancefuture.com"}
{"timestamp": "2025-10-23T17:21:28.848455+00:00", "level": "INFO", "component": "binance_client", "event": "testing_connection"}
{"timestamp": "2025-10-23T17:21:29.033902+00:00", "level": "INFO", "component": "binance_client", "event": "connection_test_successful"}
{"timestamp": "2025-10-23T17:21:29.034286+00:00", "level": "INFO", "component": "cli", "event": "cli_initialized", "dry_run": false, "verbose": true}
{"timestamp": "2025-10-23T17:21:29.035158+00:00", "level": "INFO", "component": "binance_client", "event": "fetching_exchange_info"}
{"timestamp": "2025-10-23T17:21:29.683647+00:00", "level": "INFO", "component": "binance_client", "event": "exchange_info_fetched", "symbol_count": 627}
{"timestamp": "2025-10-23T17:21:29.686530+00:00", "level": "INFO", "component": "market_order", "event": "placing_buy_order", "symbol": "BTCUSDT", "quantity": 0.001}
{"timestamp": "2025-10-23T17:21:29.688400+00:00", "level": "INFO", "component": "validator", "event": "order_request_validated", "symbol": "BTCUSDT", "side": "BUY", "order_type": "MARKET", "binance_order_type": "MARKET", "quantity": 0.001}
{"timestamp": "2025-10-23T17:21:29.688513+00:00", "level": "INFO", "component": "binance_client", "event": "placing_order", "request": {"symbol": "BTCUSDT", "side": "BUY", "type": "MARKET", "quantity": 0.001}}
{"timestamp": "2025-10-23T17:21:30.153355+00:00", "level": "INFO", "component": "binance_client", "event": "order_placed", "response": {"orderId": 6776359134, "symbol": "BTCUSDT", "status": "NEW", "clientOrderId": "oY45EuIS6CBRPqc7bO0D4R", "price": "0.00", "avgPrice": "0.00", "origQty": "0.001", "executedQty": "0.000", "cumQty": "0.000", "cumQuote": "0.00000", "timeInForce": "GTC", "type": "MARKET", "reduceOnly": false, "closePosition": false, "side": "BUY", "positionSide": "BOTH", "stopPrice": "0.00", "workingType": "CONTRACT_PRICE", "priceProtect": false, "origType": "MARKET", "priceMatch": "NONE", "selfTradePreventionMode": "EXPIRE_MAKER", "goodTillDate": 0, "updateTime": 1761240090138}}
{"timestamp": "2025-10-23T17:21:30.153833+00:00", "level": "INFO", "component": "market_order", "event": "buy_order_placed", "order_id": 6776359134, "symbol": "BTCUSDT", "quantity": 0.001, "executed_qty": "0.000", "avg_price": "0.00"}
{"timestamp": "2025-10-23T17:21:40.234126+00:00", "level": "INFO", "component": "binance_client", "event": "client_initialized", "testnet": true, "base_url": "https://testnet.binancefuture.com"}
{"timestamp": "2025-10-23T17:21:40.234272+00:00", "level": "INFO", "component": "binance_client", "event": "testing_connection"}
{"timestamp": "2025-10-23T17:21:40.413778+00:00", "level": "INFO", "component": "binance_client", "event": "connection_test_successful"}
{"timestamp": "2025-10-23T17:21:40.414130+00:00", "level": "INFO", "component": "cli", "event": "cli_initialized", "dry_run": false, "verbose": false}
{"timestamp": "2025-10-23T17:21:40.415540+00:00", "level": "INFO", "component": "binance_client", "event": "fetching_exchange_info"}
{"timestamp": "2025-10-23T17:21:40.618201+00:00", "level": "INFO", "component": "binance_client", "event": "exchange_info_fetched", "symbol_count": 627}
{"timestamp": "2025-10-23T17:21:40.621778+00:00", "level": "INFO", "component": "market_order", "event": "placing_buy_order", "symbol": "BTCUSDT", "quantity": 0.001}
{"timestamp": "2025-10-23T17:21:40.622116+00:00", "level": "INFO", "component": "validator", "event": "order_request_validated", "symbol": "BTCUSDT", "side": "BUY", "order_type": "MARKET", "binance_order_type": "MARKET", "quantity": 0.001}
{"timestamp": "2025-10-23T17:21:40.622202+00:00", "level": "INFO", "component": "binance_client", "event": "placing_order", "request": {"symbol": "BTCUSDT", "side": "BUY", "type": "MARKET", "quantity": 0.001}}
{"timestamp": "2025-10-23T17:21:41.098500+00:00", "level": "INFO", "component": "binance_client", "event": "order_placed", "response": {"orderId": 6776384030, "symbol": "BTCUSDT", "status": "NEW", "clientOrderId": "S5nMmPPmRBiOX2PaDH8tB7", "price": "0.00", "avgPrice": "0.00", "origQty": "0.001", "executedQty": "0.000", "cumQty": "0.000", "cumQuote": "0.00000", "timeInForce": "GTC", "type": "MARKET", "reduceOnly": false, "closePosition": false, "side": "BUY", "positionSide": "BOTH", "stopPrice": "0.00", "workingType": "CONTRACT_PRICE", "priceProtect": false, "origType": "MARKET", "priceMatch": "NONE", "selfTradePreventionMode": "EXPIRE_MAKER", "goodTillDate": 0, "updateTime": 1761240101078}}
{"timestamp": "2025-10-23T17:21:41.099114+00:00", "level": "INFO", "component": "market_order", "event": "buy_order_placed", "order_id": 6776384030, "symbol": "BTCUSDT", "quantity": 0.001, "executed_qty": "0.000", "avg_price": "0.00"}
